<html>
<head>
<title>TestNG:  Test</title>
<link href="../testng.css" rel="stylesheet" type="text/css" />
<link href="../my-testng.css" rel="stylesheet" type="text/css" />

<style type="text/css">
.log { display: none;} 
.stack-trace { display: none;} 
</style>
<script type="text/javascript">
<!--
function flip(e) {
  current = e.style.display;
  if (current == 'block') {
    e.style.display = 'none';
    return 0;
  }
  else {
    e.style.display = 'block';
    return 1;
  }
}

function toggleBox(szDivId, elem, msg1, msg2)
{
  var res = -1;  if (document.getElementById) {
    res = flip(document.getElementById(szDivId));
  }
  else if (document.all) {
    // this is the way old msie versions work
    res = flip(document.all[szDivId]);
  }
  if(elem) {
    if(res == 0) elem.innerHTML = msg1; else elem.innerHTML = msg2;
  }

}

function toggleAllBoxes() {
  if (document.getElementsByTagName) {
    d = document.getElementsByTagName('div');
    for (i = 0; i < d.length; i++) {
      if (d[i].className == 'log') {
        flip(d[i]);
      }
    }
  }
}

// -->
</script>

</head>
<body>
<h2 align='center'>Test</h2><table border='1' align="center">
<tr>
<td>Tests passed/Failed/Skipped:</td><td>12/2/0</td>
</tr><tr>
<td>Started on:</td><td>Wed Dec 01 10:20:26 SGT 2021</td>
</tr>
<tr><td>Total time:</td><td>39 seconds (39019 ms)</td>
</tr><tr>
<td>Included groups:</td><td></td>
</tr><tr>
<td>Excluded groups:</td><td></td>
</tr>
</table><p/>
<small><i>(Hover the method name to see the test class name)</i></small><p/>
<table width='100%' border='1' class='invocation-failed'>
<tr><td colspan='4' align='center'><b>FAILED TESTS</b></td></tr>
<tr><td><b>Test method</b></td>
<td width="30%"><b>Exception</b></td>
<td width="10%"><b>Time (seconds)</b></td>
<td><b>Instance</b></td>
</tr>
<tr>
<td title='testing.Doctor_Module_Test.deleteDoctor()'><b>deleteDoctor</b><br>Test class: testing.Doctor_Module_Test<br>Parameters: Dr John Doe, true</td>
<td><div><pre>org.openqa.selenium.TimeoutException: Expected condition failed: waiting for visibility of element located by By.xpath: //button[@id = &quot;Dr John Doe button&quot;] (tried for 2 second(s) with 500 milliseconds interval)
Build info: version: &apos;4.0.0&apos;, revision: &apos;3a21814679&apos;
System info: host: &apos;Brians-Air&apos;, ip: &apos;fe80:0:0:0:41c:8904:2673:c0a8%en0&apos;, os.name: &apos;Mac OS X&apos;, os.arch: &apos;x86_64&apos;, os.version: &apos;10.16&apos;, java.version: &apos;16.0.2&apos;
Driver info: org.openqa.selenium.chrome.ChromeDriver
Capabilities {acceptInsecureCerts: false, browserName: chrome, browserVersion: 96.0.4664.55, chrome: {chromedriverVersion: 96.0.4664.45 (76e4c1bb2ab46..., userDataDir: /var/folders/b_/pk53csf12kl...}, goog:chromeOptions: {debuggerAddress: localhost:50665}, javascriptEnabled: true, networkConnectionEnabled: false, pageLoadStrategy: normal, platform: MAC, platformName: MAC, proxy: Proxy(), se:cdp: ws://localhost:50665/devtoo..., se:cdpVersion: 96.0.4664.55, setWindowRect: true, strictFileInteractability: false, timeouts: {implicit: 0, pageLoad: 300000, script: 30000}, unhandledPromptBehavior: dismiss and notify, webauthn:extension:credBlob: true, webauthn:extension:largeBlob: true, webauthn:virtualAuthenticators: true}
Session ID: 91ffa3aa38cd4e832c38e12aea79a9e0
	at org.openqa.selenium.support.ui.WebDriverWait.timeoutException(WebDriverWait.java:138)
	at org.openqa.selenium.support.ui.FluentWait.until(FluentWait.java:231)
	at testing.Doctor_Module_Test.deleteDoctor(Doctor_Module_Test.java:104)
	at java.base/java.util.ArrayList.forEach(ArrayList.java:1511)
... Removed 27 stack frames</pre></div><a href='#' onClick='toggleBox("stack-trace1152003603", this, "Click to show all stack frames", "Click to hide stack frames")'>Click to show all stack frames</a>
<div class='stack-trace' id='stack-trace1152003603'><pre>org.openqa.selenium.TimeoutException: Expected condition failed: waiting for visibility of element located by By.xpath: //button[@id = &quot;Dr John Doe button&quot;] (tried for 2 second(s) with 500 milliseconds interval)
Build info: version: &apos;4.0.0&apos;, revision: &apos;3a21814679&apos;
System info: host: &apos;Brians-Air&apos;, ip: &apos;fe80:0:0:0:41c:8904:2673:c0a8%en0&apos;, os.name: &apos;Mac OS X&apos;, os.arch: &apos;x86_64&apos;, os.version: &apos;10.16&apos;, java.version: &apos;16.0.2&apos;
Driver info: org.openqa.selenium.chrome.ChromeDriver
Capabilities {acceptInsecureCerts: false, browserName: chrome, browserVersion: 96.0.4664.55, chrome: {chromedriverVersion: 96.0.4664.45 (76e4c1bb2ab46..., userDataDir: /var/folders/b_/pk53csf12kl...}, goog:chromeOptions: {debuggerAddress: localhost:50665}, javascriptEnabled: true, networkConnectionEnabled: false, pageLoadStrategy: normal, platform: MAC, platformName: MAC, proxy: Proxy(), se:cdp: ws://localhost:50665/devtoo..., se:cdpVersion: 96.0.4664.55, setWindowRect: true, strictFileInteractability: false, timeouts: {implicit: 0, pageLoad: 300000, script: 30000}, unhandledPromptBehavior: dismiss and notify, webauthn:extension:credBlob: true, webauthn:extension:largeBlob: true, webauthn:virtualAuthenticators: true}
Session ID: 91ffa3aa38cd4e832c38e12aea79a9e0
	at org.openqa.selenium.support.ui.WebDriverWait.timeoutException(WebDriverWait.java:138)
	at org.openqa.selenium.support.ui.FluentWait.until(FluentWait.java:231)
	at testing.Doctor_Module_Test.deleteDoctor(Doctor_Module_Test.java:104)
	at java.base/jdk.internal.reflect.NativeMethodAccessorImpl.invoke0(Native Method)
	at java.base/jdk.internal.reflect.NativeMethodAccessorImpl.invoke(NativeMethodAccessorImpl.java:78)
	at java.base/jdk.internal.reflect.DelegatingMethodAccessorImpl.invoke(DelegatingMethodAccessorImpl.java:43)
	at java.base/java.lang.reflect.Method.invoke(Method.java:567)
	at org.testng.internal.MethodInvocationHelper.invokeMethod(MethodInvocationHelper.java:133)
	at org.testng.internal.TestInvoker.invokeMethod(TestInvoker.java:598)
	at org.testng.internal.TestInvoker.invokeTestMethod(TestInvoker.java:173)
	at org.testng.internal.MethodRunner.runInSequence(MethodRunner.java:46)
	at org.testng.internal.TestInvoker$MethodInvocationAgent.invoke(TestInvoker.java:824)
	at org.testng.internal.TestInvoker.invokeTestMethods(TestInvoker.java:146)
	at org.testng.internal.TestMethodWorker.invokeTestMethods(TestMethodWorker.java:146)
	at org.testng.internal.TestMethodWorker.run(TestMethodWorker.java:128)
	at java.base/java.util.ArrayList.forEach(ArrayList.java:1511)
	at org.testng.TestRunner.privateRun(TestRunner.java:794)
	at org.testng.TestRunner.run(TestRunner.java:596)
	at org.testng.SuiteRunner.runTest(SuiteRunner.java:377)
	at org.testng.SuiteRunner.runSequentially(SuiteRunner.java:371)
	at org.testng.SuiteRunner.privateRun(SuiteRunner.java:332)
	at org.testng.SuiteRunner.run(SuiteRunner.java:276)
	at org.testng.SuiteRunnerWorker.runSuite(SuiteRunnerWorker.java:53)
	at org.testng.SuiteRunnerWorker.run(SuiteRunnerWorker.java:96)
	at org.testng.TestNG.runSuitesSequentially(TestNG.java:1212)
	at org.testng.TestNG.runSuitesLocally(TestNG.java:1134)
	at org.testng.TestNG.runSuites(TestNG.java:1063)
	at org.testng.TestNG.run(TestNG.java:1031)
	at org.testng.remote.AbstractRemoteTestNG.run(AbstractRemoteTestNG.java:115)
	at org.testng.remote.RemoteTestNG.initAndRun(RemoteTestNG.java:251)
	at org.testng.remote.RemoteTestNG.main(RemoteTestNG.java:77)
</pre></div></td>
<td>2</td>
<td>testing.Doctor_Module_Test@79b06cab</td></tr>
<tr>
<td title='testing.Doctor_Module_Test.registerTest()'><b>registerTest</b><br>Test class: testing.Doctor_Module_Test<br>Parameters: Dr John Doe, S1627678B, johndoe@cmail.com, AAAaaa123, AAAaaa123, 88888888, 01011990, Doctor, MD, true</td>
<td><div><pre>java.lang.AssertionError: expected [true] but found [false]
	at testing.Doctor_Module_Test.registerTest(Doctor_Module_Test.java:73)
	at java.base/java.util.ArrayList.forEach(ArrayList.java:1511)
... Removed 33 stack frames</pre></div><a href='#' onClick='toggleBox("stack-trace485701373", this, "Click to show all stack frames", "Click to hide stack frames")'>Click to show all stack frames</a>
<div class='stack-trace' id='stack-trace485701373'><pre>java.lang.AssertionError: expected [true] but found [false]
	at org.testng.Assert.fail(Assert.java:99)
	at org.testng.Assert.failNotEquals(Assert.java:1037)
	at org.testng.Assert.assertEqualsImpl(Assert.java:140)
	at org.testng.Assert.assertEquals(Assert.java:122)
	at org.testng.Assert.assertEquals(Assert.java:819)
	at org.testng.Assert.assertEquals(Assert.java:829)
	at testing.Doctor_Module_Test.registerTest(Doctor_Module_Test.java:73)
	at java.base/jdk.internal.reflect.NativeMethodAccessorImpl.invoke0(Native Method)
	at java.base/jdk.internal.reflect.NativeMethodAccessorImpl.invoke(NativeMethodAccessorImpl.java:78)
	at java.base/jdk.internal.reflect.DelegatingMethodAccessorImpl.invoke(DelegatingMethodAccessorImpl.java:43)
	at java.base/java.lang.reflect.Method.invoke(Method.java:567)
	at org.testng.internal.MethodInvocationHelper.invokeMethod(MethodInvocationHelper.java:133)
	at org.testng.internal.TestInvoker.invokeMethod(TestInvoker.java:598)
	at org.testng.internal.TestInvoker.invokeTestMethod(TestInvoker.java:173)
	at org.testng.internal.MethodRunner.runInSequence(MethodRunner.java:46)
	at org.testng.internal.TestInvoker$MethodInvocationAgent.invoke(TestInvoker.java:824)
	at org.testng.internal.TestInvoker.invokeTestMethods(TestInvoker.java:146)
	at org.testng.internal.TestMethodWorker.invokeTestMethods(TestMethodWorker.java:146)
	at org.testng.internal.TestMethodWorker.run(TestMethodWorker.java:128)
	at java.base/java.util.ArrayList.forEach(ArrayList.java:1511)
	at org.testng.TestRunner.privateRun(TestRunner.java:794)
	at org.testng.TestRunner.run(TestRunner.java:596)
	at org.testng.SuiteRunner.runTest(SuiteRunner.java:377)
	at org.testng.SuiteRunner.runSequentially(SuiteRunner.java:371)
	at org.testng.SuiteRunner.privateRun(SuiteRunner.java:332)
	at org.testng.SuiteRunner.run(SuiteRunner.java:276)
	at org.testng.SuiteRunnerWorker.runSuite(SuiteRunnerWorker.java:53)
	at org.testng.SuiteRunnerWorker.run(SuiteRunnerWorker.java:96)
	at org.testng.TestNG.runSuitesSequentially(TestNG.java:1212)
	at org.testng.TestNG.runSuitesLocally(TestNG.java:1134)
	at org.testng.TestNG.runSuites(TestNG.java:1063)
	at org.testng.TestNG.run(TestNG.java:1031)
	at org.testng.remote.AbstractRemoteTestNG.run(AbstractRemoteTestNG.java:115)
	at org.testng.remote.RemoteTestNG.initAndRun(RemoteTestNG.java:251)
	at org.testng.remote.RemoteTestNG.main(RemoteTestNG.java:77)
</pre></div></td>
<td>3</td>
<td>testing.Doctor_Module_Test@79b06cab</td></tr>
</table><p>
<table width='100%' border='1' class='invocation-passed'>
<tr><td colspan='4' align='center'><b>PASSED TESTS</b></td></tr>
<tr><td><b>Test method</b></td>
<td width="30%"><b>Exception</b></td>
<td width="10%"><b>Time (seconds)</b></td>
<td><b>Instance</b></td>
</tr>
<tr>
<td title='testing.Doctor_Module_Test.registerTest()'><b>registerTest</b><br>Test class: testing.Doctor_Module_Test<br>Parameters: Dr John Doe, S1627678B, johndoe@cmail.com, 12345, AAAaaa123, 88888888, 01011990, Doctor, MD, false</td>
<td></td>
<td>3</td>
<td>testing.Doctor_Module_Test@79b06cab</td></tr>
<tr>
<td title='testing.Doctor_Module_Test.loginTest()'><b>loginTest</b><br>Test class: testing.Doctor_Module_Test<br>Parameters: , , false</td>
<td></td>
<td>0</td>
<td>testing.Doctor_Module_Test@79b06cab</td></tr>
<tr>
<td title='testing.Doctor_Module_Test.registerTest()'><b>registerTest</b><br>Test class: testing.Doctor_Module_Test<br>Parameters: , , , , , , , , , false</td>
<td></td>
<td>6</td>
<td>testing.Doctor_Module_Test@79b06cab</td></tr>
<tr>
<td title='testing.Doctor_Module_Test.loginTest()'><b>loginTest</b><br>Test class: testing.Doctor_Module_Test<br>Parameters: johndoe@cmail.com, invalidPW, false</td>
<td></td>
<td>1</td>
<td>testing.Doctor_Module_Test@79b06cab</td></tr>
<tr>
<td title='testing.Doctor_Module_Test.registerTest()'><b>registerTest</b><br>Test class: testing.Doctor_Module_Test<br>Parameters: Dr John Doe, S1627678B, johndoe@cmail.com, AAAaaa123, AAAaaa123, 88888888, 01012020, Doctor, MD, false</td>
<td></td>
<td>2</td>
<td>testing.Doctor_Module_Test@79b06cab</td></tr>
<tr>
<td title='testing.Doctor_Module_Test.registerTest()'><b>registerTest</b><br>Test class: testing.Doctor_Module_Test<br>Parameters: Dr John Doe, S1627678B, johndoe@cmail.com, AAAaaa123, 12345, 88888888, 01011990, Doctor, MD, false</td>
<td></td>
<td>2</td>
<td>testing.Doctor_Module_Test@79b06cab</td></tr>
<tr>
<td title='testing.Doctor_Module_Test.registerTest()'><b>registerTest</b><br>Test class: testing.Doctor_Module_Test<br>Parameters: Dr John Doe, S1627678B, abcxyz, AAAaaa123, AAAaaa123, 88888888, 01011990, Doctor, MD, false</td>
<td></td>
<td>3</td>
<td>testing.Doctor_Module_Test@79b06cab</td></tr>
<tr>
<td title='testing.Doctor_Module_Test.loginTest()'><b>loginTest</b><br>Test class: testing.Doctor_Module_Test<br>Parameters: invalidID, AAAaaa123, false</td>
<td></td>
<td>0</td>
<td>testing.Doctor_Module_Test@79b06cab</td></tr>
<tr>
<td title='testing.Doctor_Module_Test.loginTest()'><b>loginTest</b><br>Test class: testing.Doctor_Module_Test<br>Parameters: johndoe@cmail.com, AAAaaa123, true</td>
<td></td>
<td>1</td>
<td>testing.Doctor_Module_Test@79b06cab</td></tr>
<tr>
<td title='testing.Doctor_Module_Test.registerTest()'><b>registerTest</b><br>Test class: testing.Doctor_Module_Test<br>Parameters: Dr John Doe, S1627678B, johndoe@cmail.com, AAAaaa123, AAAaaa123, abcdefg, 01011990, Doctor, MD, false</td>
<td></td>
<td>2</td>
<td>testing.Doctor_Module_Test@79b06cab</td></tr>
<tr>
<td title='testing.Doctor_Module_Test.registerTest()'><b>registerTest</b><br>Test class: testing.Doctor_Module_Test<br>Parameters: Dr John Doe, S1627678B, johndoe@cmail.com, AAAaaa123, AAAaaa123, 88888888, 01011990, Doctor, MD, false</td>
<td></td>
<td>2</td>
<td>testing.Doctor_Module_Test@79b06cab</td></tr>
<tr>
<td title='testing.Doctor_Module_Test.registerTest()'><b>registerTest</b><br>Test class: testing.Doctor_Module_Test<br>Parameters: Dr John Doe, S1342324Q, johndoe@cmail.com, AAAaaa123, AAAaaa123, 88888888, 01011990, Doctor, MD, false</td>
<td></td>
<td>5</td>
<td>testing.Doctor_Module_Test@79b06cab</td></tr>
</table><p>
</body>
</html>