<?xml version="1.0" encoding="UTF-8"?>
<!-- Generated by org.testng.reporters.JUnitXMLReporter -->
<testsuite ignored="0" hostname="Brians-Air" failures="2" tests="14" name="Test" time="39.019" errors="0" timestamp="2021-12-01T10:21:05 SGT">
  <testcase classname="testing.Doctor_Module_Test" name="registerTest" time="6.64"/>
  <testcase classname="testing.Doctor_Module_Test" name="registerTest" time="5.247"/>
  <testcase classname="testing.Doctor_Module_Test" name="registerTest" time="3.124"/>
  <testcase classname="testing.Doctor_Module_Test" name="registerTest" time="3.246"/>
  <testcase classname="testing.Doctor_Module_Test" name="registerTest" time="2.899"/>
  <testcase classname="testing.Doctor_Module_Test" name="registerTest" time="2.955"/>
  <testcase classname="testing.Doctor_Module_Test" name="registerTest" time="2.894"/>
  <testcase classname="testing.Doctor_Module_Test" name="registerTest" time="3.089">
    <failure type="java.lang.AssertionError" message="expected [true] but found [false]">
      <![CDATA[java.lang.AssertionError: expected [true] but found [false]
at testing.Doctor_Module_Test.registerTest(Doctor_Module_Test.java:73)
at java.base/java.util.ArrayList.forEach(ArrayList.java:1511)
... Removed 33 stack frames]]>
    </failure>
  </testcase> <!-- registerTest -->
  <testcase classname="testing.Doctor_Module_Test" name="registerTest" time="2.943"/>
  <testcase classname="testing.Doctor_Module_Test" name="loginTest" time="0.424"/>
  <testcase classname="testing.Doctor_Module_Test" name="loginTest" time="0.567"/>
  <testcase classname="testing.Doctor_Module_Test" name="loginTest" time="1.179"/>
  <testcase classname="testing.Doctor_Module_Test" name="loginTest" time="1.124"/>
  <testcase classname="testing.Doctor_Module_Test" name="deleteDoctor" time="2.576">
    <failure type="org.openqa.selenium.TimeoutException" message="Expected condition failed: waiting for visibility of element located by By.xpath: //button[@id = &amp;quot;Dr John Doe button&amp;quot;] (tried for 2 second(s) with 500 milliseconds interval)
Build info: version: &amp;apos;4.0.0&amp;apos;, revision: &amp;apos;3a21814679&amp;apos;
System info: host: &amp;apos;Brians-Air&amp;apos;, ip: &amp;apos;fe80:0:0:0:41c:8904:2673:c0a8%en0&amp;apos;, os.name: &amp;apos;Mac OS X&amp;apos;, os.arch: &amp;apos;x86_64&amp;apos;, os.version: &amp;apos;10.16&amp;apos;, java.version: &amp;apos;16.0.2&amp;apos;
Driver info: org.openqa.selenium.chrome.ChromeDriver
Capabilities {acceptInsecureCerts: false, browserName: chrome, browserVersion: 96.0.4664.55, chrome: {chromedriverVersion: 96.0.4664.45 (76e4c1bb2ab46..., userDataDir: /var/folders/b_/pk53csf12kl...}, goog:chromeOptions: {debuggerAddress: localhost:50665}, javascriptEnabled: true, networkConnectionEnabled: false, pageLoadStrategy: normal, platform: MAC, platformName: MAC, proxy: Proxy(), se:cdp: ws://localhost:50665/devtoo..., se:cdpVersion: 96.0.4664.55, setWindowRect: true, strictFileInteractability: false, timeouts: {implicit: 0, pageLoad: 300000, script: 30000}, unhandledPromptBehavior: dismiss and notify, webauthn:extension:credBlob: true, webauthn:extension:largeBlob: true, webauthn:virtualAuthenticators: true}
Session ID: 91ffa3aa38cd4e832c38e12aea79a9e0">
      <![CDATA[org.openqa.selenium.TimeoutException: Expected condition failed: waiting for visibility of element located by By.xpath: //button[@id = "Dr John Doe button"] (tried for 2 second(s) with 500 milliseconds interval)
Build info: version: '4.0.0', revision: '3a21814679'
System info: host: 'Brians-Air', ip: 'fe80:0:0:0:41c:8904:2673:c0a8%en0', os.name: 'Mac OS X', os.arch: 'x86_64', os.version: '10.16', java.version: '16.0.2'
Driver info: org.openqa.selenium.chrome.ChromeDriver
Capabilities {acceptInsecureCerts: false, browserName: chrome, browserVersion: 96.0.4664.55, chrome: {chromedriverVersion: 96.0.4664.45 (76e4c1bb2ab46..., userDataDir: /var/folders/b_/pk53csf12kl...}, goog:chromeOptions: {debuggerAddress: localhost:50665}, javascriptEnabled: true, networkConnectionEnabled: false, pageLoadStrategy: normal, platform: MAC, platformName: MAC, proxy: Proxy(), se:cdp: ws://localhost:50665/devtoo..., se:cdpVersion: 96.0.4664.55, setWindowRect: true, strictFileInteractability: false, timeouts: {implicit: 0, pageLoad: 300000, script: 30000}, unhandledPromptBehavior: dismiss and notify, webauthn:extension:credBlob: true, webauthn:extension:largeBlob: true, webauthn:virtualAuthenticators: true}
Session ID: 91ffa3aa38cd4e832c38e12aea79a9e0
at org.openqa.selenium.support.ui.WebDriverWait.timeoutException(WebDriverWait.java:138)
at org.openqa.selenium.support.ui.FluentWait.until(FluentWait.java:231)
at testing.Doctor_Module_Test.deleteDoctor(Doctor_Module_Test.java:104)
at java.base/java.util.ArrayList.forEach(ArrayList.java:1511)
... Removed 27 stack frames]]>
    </failure>
  </testcase> <!-- deleteDoctor -->
</testsuite> <!-- Test -->
